<?xml version="1.0" encoding="UTF-8"?>
<!-- Generated by org.testng.reporters.JUnitReportReporter -->
<testsuite hostname="DELL-LAPTOP" failures="0" tests="2" name="tests.Class1" time="0.022" errors="0" timestamp="2021-07-15T09:51:06 CDT" skipped="0">
  <testcase classname="tests.Class1" name="test1" time="0.016"/>
  <system-out/>
  <testcase classname="tests.Class1" name="test2" time="0.006"/>
  <system-out/>
</testsuite> <!-- tests.Class1 -->
