<?xml version="1.0" encoding="UTF-8"?>
<!-- Generated by org.testng.reporters.JUnitReportReporter -->
<testsuite hostname="DELL-LAPTOP" failures="0" tests="2" name="tests.Class2" time="0.007" errors="0" timestamp="2021-07-15T09:38:29 CDT" skipped="0">
  <testcase classname="tests.Class2" name="test4" time="0.001"/>
  <system-out/>
  <testcase classname="tests.Class2" name="test3" time="0.006"/>
  <system-out/>
</testsuite> <!-- tests.Class2 -->
